# JRE version: OpenJDK Runtime Environment Temurin-17.0.7+7 (17.0.7+7) (build 17.0.7+7)
# Java VM: OpenJDK 64-Bit Server VM Temurin-17.0.7+7 (17.0.7+7, mixed mode, emulated-client, tiered, compressed oops, compressed class ptrs, g1 gc, windows-amd64)
GC Precious Log:
 CPUs: 8 total, 8 available
 Memory: 8029M
 Large Page Support: Disabled
 NUMA Support: Disabled
 Compressed Oops: Enabled (32-bit)
 Heap Region Size: 1M
 Heap Min Capacity: 8M
 Heap Initial Capacity: 126M
 Heap Max Capacity: 1G
 Pre-touch: Disabled
 Parallel Workers: 8
 Concurrent Workers: 2
 Concurrent Refinement Workers: 8
 Periodic GC: Disabled
Heap:
 garbage-first heap   total 153600K, used 48174K [0x00000000c0000000, 0x0000000100000000)
  region size 1024K, 1 young (1024K), 0 survivors (0K)
 Metaspace       used 66718K, committed 67072K, reserved 1114112K
  class space    used 9054K, committed 9216K, reserved 1048576K
GC Heap History (20 events):
Event: 2769.016 GC heap before
{Heap before GC invocations=260 (full 91):
 garbage-first heap   total 153600K, used 48499K [0x00000000c0000000, 0x0000000100000000)
  region size 1024K, 1 young (1024K), 0 survivors (0K)
 Metaspace       used 66744K, committed 67200K, reserved 1114112K
  class space    used 9059K, committed 9280K, reserved 1048576K
}
Event: 2769.061 GC heap after
{Heap after GC invocations=261 (full 92):
 garbage-first heap   total 153600K, used 48135K [0x00000000c0000000, 0x0000000100000000)
  region size 1024K, 0 young (0K), 0 survivors (0K)
 Metaspace       used 66744K, committed 67200K, reserved 1114112K
  class space    used 9059K, committed 9280K, reserved 1048576K
}
Event: 2779.200 GC heap before
{Heap before GC invocations=261 (full 92):
 garbage-first heap   total 153600K, used 48135K [0x00000000c0000000, 0x0000000100000000)
  region size 1024K, 1 young (1024K), 0 survivors (0K)
 Metaspace       used 66744K, committed 67200K, reserved 1114112K
  class space    used 9059K, committed 9280K, reserved 1048576K
}
Event: 2779.333 GC heap after
{Heap after GC invocations=262 (full 93):
 garbage-first heap   total 153600K, used 48077K [0x00000000c0000000, 0x0000000100000000)
  region size 1024K, 0 young (0K), 0 survivors (0K)
 Metaspace       used 66702K, committed 67072K, reserved 1114112K
  class space    used 9052K, committed 9216K, reserved 1048576K
}
Event: 2789.461 GC heap before
{Heap before GC invocations=262 (full 93):
 garbage-first heap   total 153600K, used 48077K [0x00000000c0000000, 0x0000000100000000)
  region size 1024K, 1 young (1024K), 0 survivors (0K)
 Metaspace       used 66702K, committed 67072K, reserved 1114112K
  class space    used 9052K, committed 9216K, reserved 1048576K
}
Event: 2789.504 GC heap after
{Heap after GC invocations=263 (full 94):
 garbage-first heap   total 153600K, used 48077K [0x00000000c0000000, 0x0000000100000000)
  region size 1024K, 0 young (0K), 0 survivors (0K)
 Metaspace       used 66702K, committed 67072K, reserved 1114112K
  class space    used 9052K, committed 9216K, reserved 1048576K
}
Event: 2799.660 GC heap before
{Heap before GC invocations=263 (full 94):
 garbage-first heap   total 153600K, used 48077K [0x00000000c0000000, 0x0000000100000000)
  region size 1024K, 1 young (1024K), 0 survivors (0K)
 Metaspace       used 66702K, committed 67072K, reserved 1114112K
  class space    used 9052K, committed 9216K, reserved 1048576K
}
Event: 2799.717 GC heap after
{Heap after GC invocations=264 (full 95):
 garbage-first heap   total 153600K, used 48077K [0x00000000c0000000, 0x0000000100000000)
  region size 1024K, 0 young (0K), 0 survivors (0K)
 Metaspace       used 66702K, committed 67072K, reserved 1114112K
  class space    used 9052K, committed 9216K, reserved 1048576K
}
Event: 2809.848 GC heap before
{Heap before GC invocations=264 (full 95):
 garbage-first heap   total 153600K, used 48077K [0x00000000c0000000, 0x0000000100000000)
  region size 1024K, 1 young (1024K), 0 survivors (0K)
 Metaspace       used 66702K, committed 67072K, reserved 1114112K
  class space    used 9052K, committed 9216K, reserved 1048576K
}
Event: 2809.893 GC heap after
{Heap after GC invocations=265 (full 96):
 garbage-first heap   total 153600K, used 48077K [0x00000000c0000000, 0x0000000100000000)
  region size 1024K, 0 young (0K), 0 survivors (0K)
 Metaspace       used 66702K, committed 67072K, reserved 1114112K
  class space    used 9052K, committed 9216K, reserved 1048576K
}
Event: 2850.072 GC heap before
{Heap before GC invocations=265 (full 96):
 garbage-first heap   total 153600K, used 119757K [0x00000000c0000000, 0x0000000100000000)
  region size 1024K, 71 young (72704K), 0 survivors (0K)
 Metaspace       used 66718K, committed 67072K, reserved 1114112K
  class space    used 9054K, committed 9216K, reserved 1048576K
}
Event: 2850.127 GC heap after
{Heap after GC invocations=266 (full 97):
 garbage-first heap   total 153600K, used 48298K [0x00000000c0000000, 0x0000000100000000)
  region size 1024K, 0 young (0K), 0 survivors (0K)
 Metaspace       used 66718K, committed 67072K, reserved 1114112K
  class space    used 9054K, committed 9216K, reserved 1048576K
}
Event: 2860.301 GC heap before
{Heap before GC invocations=266 (full 97):
 garbage-first heap   total 153600K, used 48298K [0x00000000c0000000, 0x0000000100000000)
  region size 1024K, 1 young (1024K), 0 survivors (0K)
 Metaspace       used 66718K, committed 67072K, reserved 1114112K
  class space    used 9054K, committed 9216K, reserved 1048576K
}
Event: 2860.342 GC heap after
{Heap after GC invocations=267 (full 98):
 garbage-first heap   total 153600K, used 48178K [0x00000000c0000000, 0x0000000100000000)
  region size 1024K, 0 young (0K), 0 survivors (0K)
 Metaspace       used 66718K, committed 67072K, reserved 1114112K
  class space    used 9054K, committed 9216K, reserved 1048576K
}
Event: 2870.486 GC heap before
{Heap before GC invocations=267 (full 98):
 garbage-first heap   total 153600K, used 48178K [0x00000000c0000000, 0x0000000100000000)
  region size 1024K, 1 young (1024K), 0 survivors (0K)
 Metaspace       used 66718K, committed 67072K, reserved 1114112K
  class space    used 9054K, committed 9216K, reserved 1048576K
}
Event: 2870.525 GC heap after
{Heap after GC invocations=268 (full 99):
 garbage-first heap   total 153600K, used 48178K [0x00000000c0000000, 0x0000000100000000)
  region size 1024K, 0 young (0K), 0 survivors (0K)
 Metaspace       used 66718K, committed 67072K, reserved 1114112K
  class space    used 9054K, committed 9216K, reserved 1048576K
}
Event: 2880.670 GC heap before
{Heap before GC invocations=268 (full 99):
 garbage-first heap   total 153600K, used 48178K [0x00000000c0000000, 0x0000000100000000)
  region size 1024K, 1 young (1024K), 0 survivors (0K)
 Metaspace       used 66718K, committed 67072K, reserved 1114112K
  class space    used 9054K, committed 9216K, reserved 1048576K
}
Event: 2880.708 GC heap after
{Heap after GC invocations=269 (full 100):
 garbage-first heap   total 153600K, used 48174K [0x00000000c0000000, 0x0000000100000000)
  region size 1024K, 0 young (0K), 0 survivors (0K)
 Metaspace       used 66718K, committed 67072K, reserved 1114112K
  class space    used 9054K, committed 9216K, reserved 1048576K
}
Event: 2890.859 GC heap before
{Heap before GC invocations=269 (full 100):
 garbage-first heap   total 153600K, used 48174K [0x00000000c0000000, 0x0000000100000000)
  region size 1024K, 1 young (1024K), 0 survivors (0K)
 Metaspace       used 66718K, committed 67072K, reserved 1114112K
  class space    used 9054K, committed 9216K, reserved 1048576K
}
Event: 2890.899 GC heap after
{Heap after GC invocations=270 (full 101):
 garbage-first heap   total 153600K, used 48174K [0x00000000c0000000, 0x0000000100000000)
  region size 1024K, 0 young (0K), 0 survivors (0K)
 Metaspace       used 66718K, committed 67072K, reserved 1114112K
  class space    used 9054K, committed 9216K, reserved 1048576K
}

