<?xml version="1.0" encoding="UTF-8"?>
<testsuite xmlns:xsi="http://www.w3.org/2001/XMLSchema-instance" xsi:noNamespaceSchemaLocation="https://maven.apache.org/surefire/maven-surefire-plugin/xsd/surefire-test-report-3.0.xsd" version="3.0" name="io.javabrains.ipldashboard.IplDashboardApplicationTests" time="23.134" tests="1" errors="0" skipped="0" failures="0">
  <properties>
[...]
</properties>
  <testcase name="contextLoads" classname="io.javabrains.ipldashboard.IplDashboardApplicationTests" time="1.844">
    <system-out><![CDATA[23:21:54.679 [main] INFO org.springframework.test.context.support.AnnotationConfigContextLoaderUtils -- Could not detect default configuration classes for test class [io.javabrains.ipldashboard.IplDashboardApplicationTests]: IplDashboardApplicationTests does not declare any static, non-private, non-final, nested classes annotated with @Configuration.
23:21:54.955 [main] INFO org.springframework.boot.test.context.SpringBootTestContextBootstrapper -- Found @SpringBootConfiguration io.javabrains.ipldashboard.IplDashboardApplication for test class io.javabrains.ipldashboard.IplDashboardApplicationTests

  .   ____          _            __ _ _
 /\\ / ___'_ __ _ _(_)_ __  __ _ \ \ \ \
( ( )\___ | '_ | '_| | '_ \/ _` | \ \ \ \
 \\/  ___)| |_)| | | | | || (_| |  ) ) ) )
  '  |____| .__|_| |_|_| |_\__, | / / / /
 =========|_|==============|___/=/_/_/_/
 :: Spring Boot ::                (v3.1.1)

2023-07-27T23:21:56.823+05:30  INFO 9344 --- [           main] i.j.i.IplDashboardApplicationTests       : Starting IplDashboardApplicationTests using Java 20.0.1 with PID 9344 (started by sattw in C:\Users\sattw\Desktop\ipl-dashboard\ipl-dashboard)
2023-07-27T23:21:56.826+05:30  INFO 9344 --- [           main] i.j.i.IplDashboardApplicationTests       : No active profile set, falling back to 1 default profile: "default"
2023-07-27T23:22:00.386+05:30  INFO 9344 --- [           main] .s.d.r.c.RepositoryConfigurationDelegate : Bootstrapping Spring Data JPA repositories in DEFAULT mode.
2023-07-27T23:22:00.526+05:30  INFO 9344 --- [           main] .s.d.r.c.RepositoryConfigurationDelegate : Finished Spring Data repository scanning in 121 ms. Found 2 JPA repository interfaces.
2023-07-27T23:22:01.833+05:30  INFO 9344 --- [           main] com.zaxxer.hikari.HikariDataSource       : HikariPool-1 - Starting...
2023-07-27T23:22:02.334+05:30  INFO 9344 --- [           main] com.zaxxer.hikari.pool.PoolBase          : HikariPool-1 - Driver does not support get/set network timeout for connections. (feature not supported)
2023-07-27T23:22:02.335+05:30  INFO 9344 --- [           main] com.zaxxer.hikari.pool.HikariPool        : HikariPool-1 - Added connection org.hsqldb.jdbc.JDBCConnection@6cbb175
2023-07-27T23:22:02.338+05:30  INFO 9344 --- [           main] com.zaxxer.hikari.HikariDataSource       : HikariPool-1 - Start completed.
2023-07-27T23:22:02.690+05:30  INFO 9344 --- [           main] o.hibernate.jpa.internal.util.LogHelper  : HHH000204: Processing PersistenceUnitInfo [name: default]
2023-07-27T23:22:02.988+05:30  INFO 9344 --- [           main] org.hibernate.Version                    : HHH000412: Hibernate ORM core version 6.2.5.Final
2023-07-27T23:22:02.994+05:30  INFO 9344 --- [           main] org.hibernate.cfg.Environment            : HHH000406: Using bytecode reflection optimizer
2023-07-27T23:22:03.440+05:30  INFO 9344 --- [           main] o.h.b.i.BytecodeProviderInitiator        : HHH000021: Bytecode provider name : bytebuddy
2023-07-27T23:22:03.703+05:30  INFO 9344 --- [           main] o.s.o.j.p.SpringPersistenceUnitInfo      : No LoadTimeWeaver setup: ignoring JPA class transformer
2023-07-27T23:22:04.609+05:30  INFO 9344 --- [           main] o.h.b.i.BytecodeProviderInitiator        : HHH000021: Bytecode provider name : bytebuddy
2023-07-27T23:22:06.154+05:30  INFO 9344 --- [           main] o.h.e.t.j.p.i.JtaPlatformInitiator       : HHH000490: Using JtaPlatform implementation: [org.hibernate.engine.transaction.jta.platform.internal.NoJtaPlatform]
2023-07-27T23:22:06.211+05:30  INFO 9344 --- [           main] j.LocalContainerEntityManagerFactoryBean : Initialized JPA EntityManagerFactory for persistence unit 'default'
2023-07-27T23:22:07.833+05:30  INFO 9344 --- [           main] o.s.d.j.r.query.QueryEnhancerFactory     : Hibernate is in classpath; If applicable, HQL parser will be used.
2023-07-27T23:22:09.962+05:30  WARN 9344 --- [           main] JpaBaseConfiguration$JpaWebConfiguration : spring.jpa.open-in-view is enabled by default. Therefore, database queries may be performed during view rendering. Explicitly configure spring.jpa.open-in-view to disable this warning
2023-07-27T23:22:10.594+05:30  INFO 9344 --- [           main] o.s.b.a.w.s.WelcomePageHandlerMapping    : Adding welcome page: class path resource [public/index.html]
2023-07-27T23:22:11.560+05:30  INFO 9344 --- [           main] o.s.b.a.e.web.EndpointLinksResolver      : Exposing 1 endpoint(s) beneath base path '/actuator'
2023-07-27T23:22:11.804+05:30  INFO 9344 --- [           main] i.j.i.IplDashboardApplicationTests       : Started IplDashboardApplicationTests in 16.538 seconds (process running for 18.984)
2023-07-27T23:22:12.084+05:30  INFO 9344 --- [           main] o.s.b.a.b.JobLauncherApplicationRunner   : Running default command line with: []
2023-07-27T23:22:12.203+05:30  INFO 9344 --- [           main] o.s.b.c.l.support.SimpleJobLauncher      : Job: [FlowJob: [name=importUserJob]] launched with the following parameters: [{'run.id':'{value=1, type=class java.lang.Long, identifying=true}'}]
2023-07-27T23:22:12.279+05:30  INFO 9344 --- [           main] o.s.batch.core.job.SimpleStepHandler     : Executing step: [step1]
2023-07-27T23:22:14.609+05:30  INFO 9344 --- [           main] o.s.batch.core.step.AbstractStep         : Step: [step1] executed in 2s327ms
2023-07-27T23:22:14.629+05:30  INFO 9344 --- [           main] .j.i.d.JobCompletionNotificationListener : !!! JOB FINISHED! Time to verify the results
Team [teamName=Mumbai Indians, totalMatches=231, totalWins=131]
Team [teamName=Pune Warriors, totalMatches=46, totalWins=12]
Team [teamName=Sunrisers Hyderabad, totalMatches=152, totalWins=75]
Team [teamName=Gujarat Titans, totalMatches=16, totalWins=12]
Team [teamName=Lucknow Super Giants, totalMatches=15, totalWins=9]
Team [teamName=Rajasthan Royals, totalMatches=192, totalWins=96]
Team [teamName=Royal Challengers Bangalore, totalMatches=226, totalWins=109]
Team [teamName=Kolkata Knight Riders, totalMatches=223, totalWins=114]
Team [teamName=Gujarat Lions, totalMatches=30, totalWins=13]
Team [teamName=Punjab Kings, totalMatches=218, totalWins=101]
Team [teamName=Rising Pune Supergiant, totalMatches=16, totalWins=10]
Team [teamName=Kochi Tuskers Kerala, totalMatches=14, totalWins=6]
Team [teamName=Delhi Capitals, totalMatches=224, totalWins=103]
Team [teamName=Deccan Chargers, totalMatches=75, totalWins=29]
Team [teamName=Rising Pune Supergiants, totalMatches=14, totalWins=5]
Team [teamName=Chennai Super Kings, totalMatches=208, totalWins=121]
2023-07-27T23:22:15.402+05:30  INFO 9344 --- [           main] o.s.b.c.l.support.SimpleJobLauncher      : Job: [FlowJob: [name=importUserJob]] completed with the following parameters: [{'run.id':'{value=1, type=class java.lang.Long, identifying=true}'}] and the following status: [COMPLETED] in 2s374ms
]]></system-out>
  </testcase>
</testsuite>